[debug] [2020-03-18T15:37:49.370Z] ----------------------------------------------------------------------
[debug] [2020-03-18T15:37:49.372Z] Command:       C:\Program Files\nodejs\node.exe C:\Users\admin\AppData\Roaming\npm\node_modules\firebase-tools\lib\bin\firebase.js init
[debug] [2020-03-18T15:37:49.373Z] CLI Version:   7.15.1
[debug] [2020-03-18T15:37:49.373Z] Platform:      win32
[debug] [2020-03-18T15:37:49.373Z] Node Version:  v12.16.1
[debug] [2020-03-18T15:37:49.373Z] Time:          Wed Mar 18 2020 22:37:49 GMT+0700 (GMT+07:00)
[debug] [2020-03-18T15:37:49.374Z] ----------------------------------------------------------------------
[debug] [2020-03-18T15:37:49.374Z] 
[debug] [2020-03-18T15:37:49.380Z] > command requires scopes: ["email","openid","https://www.googleapis.com/auth/cloudplatformprojects.readonly","https://www.googleapis.com/auth/firebase","https://www.googleapis.com/auth/cloud-platform"]
[debug] [2020-03-18T15:37:49.380Z] > authorizing via signed-in user
[info] 
     ######## #### ########  ######## ########     ###     ######  ########
     ##        ##  ##     ## ##       ##     ##  ##   ##  ##       ##
     ######    ##  ########  ######   ########  #########  ######  ######
     ##        ##  ##    ##  ##       ##     ## ##     ##       ## ##
     ##       #### ##     ## ######## ########  ##     ##  ######  ########

You're about to initialize a Firebase project in this directory:

  C:\React Native\INT3120-2020\Nhom-7

Before we get started, keep in mind:

  * You are currently outside your home directory

