Arguments: 
  F:\nodejs\node.exe C:\Users\my-pc\AppData\Roaming\npm\node_modules\yarn\bin\yarn.js add react-native-gesture-handler

PATH: 
  C:\Program Files (x86)\Intel\Intel(R) Management Engine Components\iCLS\;C:\Program Files\Intel\Intel(R) Management Engine Components\iCLS\;C:\windows\system32;C:\windows;C:\windows\System32\Wbem;C:\windows\System32\WindowsPowerShell\v1.0\;C:\windows\System32\OpenSSH\;C:\Program Files\dotnet\;C:\Program Files (x86)\Intel\Intel(R) Management Engine Components\DAL;C:\Program Files\Intel\Intel(R) Management Engine Components\DAL;C:\Program Files (x86)\Intel\Intel(R) Management Engine Components\IPT;C:\Program Files\Intel\Intel(R) Management Engine Components\IPT;C:\WINDOWS\system32;C:\WINDOWS;C:\WINDOWS\System32\Wbem;C:\WINDOWS\System32\WindowsPowerShell\v1.0\;C:\WINDOWS\System32\OpenSSH\;H:\redis-windows-master\src\msopentech\redis-64.2.8.2101;H:\node-v12.13.0-win-x64;F:\nodejs\;C:\Program Files\MongoDB\Server\4.2\bin;F:\Git\cmd;C:\Users\my-pc\AppData\Local\Microsoft\WindowsApps;C:\Users\my-pc\AppData\Local\GitHubDesktop\bin;H:\Microsoft VS Code\bin;C:\Users\my-pc\AppData\Local\Microsoft\WindowsApps;F:\JetBrains\IntelliJ IDEA Educational Edition 2019.3.1\bin;;C:\Users\my-pc\AppData\Roaming\npm;

Yarn version: 
  1.22.4

Node version: 
  12.15.0

Platform: 
  win32 x64

Trace: 
  Error: read ECONNRESET
      at TLSWrap.onStreamRead (internal/stream_base_commons.js:200:27)

npm manifest: 
  {
    "main": "node_modules/expo/AppEntry.js",
    "scripts": {
      "start": "expo start",
      "android": "expo start --android",
      "ios": "expo start --ios",
      "web": "expo start --web",
      "eject": "expo eject"
    },
    "dependencies": {
      "expo": "~36.0.0",
      "react": "~16.9.0",
      "react-dom": "~16.9.0",
      "react-native": "https://github.com/expo/react-native/archive/sdk-36.0.0.tar.gz",
      "react-native-gesture-handler": "~1.5.0",
      "react-native-reanimated": "~1.4.0",
      "react-native-web": "~0.11.7",
      "react-navigation": "^4.3.3",
      "react-navigation-stack": "^2.3.6"
    },
    "devDependencies": {
      "babel-preset-expo": "~8.0.0",
      "@babel/core": "^7.0.0"
    },
    "private": true
  }

yarn manifest: 
  No manifest

Lockfile: 
  No lockfile
